::1 - - [05/Jul/2022:20:23:25 +0300] "GET / HTTP/1.1" 200 72102
::1 - - [06/Jul/2022:12:42:11 +0300] "GET / HTTP/1.1" 200 126
::1 - - [07/Jul/2022:10:08:23 +0300] "GET / HTTP/1.1" 200 76
::1 - - [07/Jul/2022:10:08:54 +0300] "GET / HTTP/1.1" 200 195
::1 - - [07/Jul/2022:10:09:17 +0300] "GET / HTTP/1.1" 200 195
::1 - - [07/Jul/2022:10:10:00 +0300] "GET / HTTP/1.1" 200 88
::1 - - [07/Jul/2022:16:31:33 +0300] "GET / HTTP/1.1" 200 130
::1 - - [07/Jul/2022:16:31:54 +0300] "GET / HTTP/1.1" 200 11794122
::1 - - [07/Jul/2022:16:32:44 +0300] "GET / HTTP/1.1" 200 214
::1 - - [07/Jul/2022:16:36:55 +0300] "GET / HTTP/1.1" 200 136
::1 - - [07/Jul/2022:16:37:55 +0300] "-" 408 -
::1 - - [07/Jul/2022:16:38:34 +0300] "GET / HTTP/1.1" 200 71
::1 - - [07/Jul/2022:16:39:34 +0300] "-" 408 -
::1 - - [07/Jul/2022:16:41:45 +0300] "GET / HTTP/1.1" 200 71
::1 - - [07/Jul/2022:16:42:45 +0300] "-" 408 -
::1 - - [07/Jul/2022:16:48:22 +0300] "GET / HTTP/1.1" 200 72
::1 - - [07/Jul/2022:16:49:22 +0300] "-" 408 -
::1 - - [07/Jul/2022:16:49:45 +0300] "GET / HTTP/1.1" 200 81
::1 - - [07/Jul/2022:16:50:29 +0300] "GET / HTTP/1.1" 200 302
::1 - - [07/Jul/2022:16:50:44 +0300] "GET / HTTP/1.1" 200 81
::1 - - [07/Jul/2022:16:51:29 +0300] "GET / HTTP/1.1" 200 86
::1 - - [07/Jul/2022:16:52:03 +0300] "GET / HTTP/1.1" 200 86
::1 - - [07/Jul/2022:16:52:19 +0300] "GET / HTTP/1.1" 200 86
::1 - - [07/Jul/2022:16:53:05 +0300] "GET / HTTP/1.1" 200 86
::1 - - [07/Jul/2022:16:53:29 +0300] "GET / HTTP/1.1" 200 86
::1 - - [07/Jul/2022:16:53:31 +0300] "GET / HTTP/1.1" 200 86
::1 - - [07/Jul/2022:16:54:29 +0300] "-" 408 -
::1 - - [07/Jul/2022:16:55:32 +0300] "GET / HTTP/1.1" 200 86
::1 - - [07/Jul/2022:16:55:45 +0300] "GET / HTTP/1.1" 200 126
::1 - - [07/Jul/2022:16:56:45 +0300] "-" 408 -
::1 - - [12/Jul/2022:12:09:52 +0300] "GET / HTTP/1.1" 200 260
::1 - - [12/Jul/2022:12:09:52 +0300] "GET /favicon.ico HTTP/1.1" 404 196
::1 - - [12/Jul/2022:12:10:52 +0300] "-" 408 -
::1 - - [12/Jul/2022:12:26:02 +0300] "GET / HTTP/1.1" 200 260
::1 - - [12/Jul/2022:12:36:23 +0300] "GET / HTTP/1.1" 200 155
::1 - - [12/Jul/2022:12:36:50 +0300] "GET / HTTP/1.1" 200 155
::1 - - [12/Jul/2022:12:39:18 +0300] "GET / HTTP/1.1" 200 156
::1 - - [12/Jul/2022:12:39:38 +0300] "GET / HTTP/1.1" 200 156
::1 - - [12/Jul/2022:12:41:08 +0300] "GET / HTTP/1.1" 200 70
::1 - - [12/Jul/2022:12:45:32 +0300] "GET / HTTP/1.1" 200 70
::1 - - [12/Jul/2022:12:45:59 +0300] "GET / HTTP/1.1" 200 71
::1 - - [12/Jul/2022:13:15:55 +0300] "GET / HTTP/1.1" 200 70
::1 - - [12/Jul/2022:13:16:20 +0300] "GET / HTTP/1.1" 200 71
::1 - - [12/Jul/2022:13:16:41 +0300] "GET / HTTP/1.1" 200 292
::1 - - [12/Jul/2022:13:23:00 +0300] "GET / HTTP/1.1" 200 292
::1 - - [12/Jul/2022:13:23:32 +0300] "GET / HTTP/1.1" 200 292
::1 - - [12/Jul/2022:13:23:46 +0300] "GET / HTTP/1.1" 200 292
::1 - - [12/Jul/2022:13:26:07 +0300] "GET / HTTP/1.1" 200 292
::1 - - [12/Jul/2022:13:28:32 +0300] "GET / HTTP/1.1" 200 134
::1 - - [12/Jul/2022:13:30:41 +0300] "GET / HTTP/1.1" 200 294
::1 - - [13/Jul/2022:10:28:35 +0300] "GET / HTTP/1.1" 200 400
::1 - - [13/Jul/2022:10:29:34 +0300] "-" 408 -
::1 - - [13/Jul/2022:10:30:22 +0300] "GET / HTTP/1.1" 200 294
::1 - - [13/Jul/2022:10:31:22 +0300] "-" 408 -
::1 - - [13/Jul/2022:10:31:51 +0300] "GET / HTTP/1.1" 200 134
::1 - - [13/Jul/2022:10:32:19 +0300] "GET / HTTP/1.1" 200 134
::1 - - [13/Jul/2022:10:33:19 +0300] "-" 408 -
::1 - - [13/Jul/2022:10:35:40 +0300] "GET / HTTP/1.1" 200 295
::1 - - [13/Jul/2022:10:36:33 +0300] "GET / HTTP/1.1" 200 294
::1 - - [13/Jul/2022:10:36:48 +0300] "GET / HTTP/1.1" 200 332
::1 - - [13/Jul/2022:10:37:17 +0300] "GET / HTTP/1.1" 200 71
::1 - - [13/Jul/2022:10:38:17 +0300] "-" 408 -
::1 - - [13/Jul/2022:10:40:36 +0300] "-" 408 -
::1 - - [13/Jul/2022:13:58:31 +0300] "GET / HTTP/1.1" 200 156
::1 - - [13/Jul/2022:13:58:46 +0300] "GET / HTTP/1.1" 200 155
::1 - - [13/Jul/2022:13:59:46 +0300] "-" 408 -
::1 - - [13/Jul/2022:14:00:05 +0300] "GET / HTTP/1.1" 200 155
::1 - - [13/Jul/2022:14:00:30 +0300] "GET / HTTP/1.1" 200 155
::1 - - [13/Jul/2022:14:01:30 +0300] "-" 408 -
::1 - - [13/Jul/2022:14:02:08 +0300] "GET / HTTP/1.1" 200 71
::1 - - [13/Jul/2022:14:02:31 +0300] "GET / HTTP/1.1" 200 101
::1 - - [13/Jul/2022:14:03:31 +0300] "-" 408 -
::1 - - [14/Jul/2022:14:20:12 +0300] "GET / HTTP/1.1" 200 130
::1 - - [14/Jul/2022:14:20:39 +0300] "GET / HTTP/1.1" 200 131
::1 - - [14/Jul/2022:14:22:57 +0300] "GET / HTTP/1.1" 200 131
::1 - - [14/Jul/2022:14:23:25 +0300] "GET / HTTP/1.1" 200 131
::1 - - [14/Jul/2022:14:23:49 +0300] "GET / HTTP/1.1" 200 155
::1 - - [14/Jul/2022:14:24:16 +0300] "GET / HTTP/1.1" 200 155
::1 - - [14/Jul/2022:14:25:38 +0300] "GET / HTTP/1.1" 200 183
::1 - - [14/Jul/2022:14:26:00 +0300] "GET / HTTP/1.1" 200 183
::1 - - [14/Jul/2022:14:26:02 +0300] "GET / HTTP/1.1" 200 183
::1 - - [14/Jul/2022:14:28:03 +0300] "GET / HTTP/1.1" 200 123
::1 - - [14/Jul/2022:14:29:21 +0300] "GET / HTTP/1.1" 200 415
::1 - - [14/Jul/2022:14:29:35 +0300] "GET / HTTP/1.1" 200 123
::1 - - [14/Jul/2022:14:29:48 +0300] "GET / HTTP/1.1" 200 123
::1 - - [14/Jul/2022:14:29:53 +0300] "GET / HTTP/1.1" 200 415
::1 - - [14/Jul/2022:14:30:18 +0300] "GET / HTTP/1.1" 200 415
::1 - - [14/Jul/2022:14:30:19 +0300] "GET / HTTP/1.1" 200 415
::1 - - [14/Jul/2022:14:30:49 +0300] "GET / HTTP/1.1" 200 314
::1 - - [14/Jul/2022:14:35:58 +0300] "GET / HTTP/1.1" 200 135
::1 - - [14/Jul/2022:14:36:11 +0300] "GET / HTTP/1.1" 200 82
::1 - - [14/Jul/2022:14:37:08 +0300] "GET / HTTP/1.1" 200 86
::1 - - [14/Jul/2022:14:38:36 +0300] "GET / HTTP/1.1" 200 400
::1 - - [14/Jul/2022:14:39:54 +0300] "GET / HTTP/1.1" 200 136
::1 - - [14/Jul/2022:14:41:34 +0300] "GET / HTTP/1.1" 200 130
::1 - - [14/Jul/2022:14:41:47 +0300] "GET / HTTP/1.1" 200 682
::1 - - [14/Jul/2022:14:49:14 +0300] "GET / HTTP/1.1" 200 520
::1 - - [14/Jul/2022:14:51:04 +0300] "GET / HTTP/1.1" 200 377
::1 - - [14/Jul/2022:14:51:27 +0300] "GET / HTTP/1.1" 200 377
::1 - - [14/Jul/2022:14:52:38 +0300] "GET / HTTP/1.1" 200 137
::1 - - [14/Jul/2022:14:52:49 +0300] "GET / HTTP/1.1" 200 93
::1 - - [14/Jul/2022:16:01:50 +0300] "GET / HTTP/1.1" 200 345
::1 - - [14/Jul/2022:16:02:14 +0300] "GET / HTTP/1.1" 200 71
::1 - - [14/Jul/2022:16:09:18 +0300] "GET / HTTP/1.1" 200 72
::1 - - [14/Jul/2022:16:09:34 +0300] "GET / HTTP/1.1" 200 72
::1 - - [19/Jul/2022:20:12:18 +0300] "GET / HTTP/1.1" 200 462
::1 - - [19/Jul/2022:20:12:18 +0300] "GET /css/style.css HTTP/1.1" 200 -
::1 - - [19/Jul/2022:20:24:01 +0300] "GET / HTTP/1.1" 200 2115
::1 - - [19/Jul/2022:20:24:01 +0300] "GET /css/style.css HTTP/1.1" 304 -
::1 - - [19/Jul/2022:20:25:36 +0300] "GET / HTTP/1.1" 200 1058
::1 - - [19/Jul/2022:20:25:36 +0300] "GET /css/style.css HTTP/1.1" 304 -
::1 - - [19/Jul/2022:20:26:33 +0300] "GET / HTTP/1.1" 200 1025
::1 - - [19/Jul/2022:20:27:31 +0300] "GET / HTTP/1.1" 200 1009
::1 - - [19/Jul/2022:20:27:31 +0300] "GET /css/style.css HTTP/1.1" 304 -
::1 - - [19/Jul/2022:20:30:00 +0300] "GET / HTTP/1.1" 200 1088
::1 - - [19/Jul/2022:20:30:00 +0300] "GET /css/style.css HTTP/1.1" 304 -
::1 - - [19/Jul/2022:20:30:35 +0300] "GET / HTTP/1.1" 200 1093
::1 - - [19/Jul/2022:20:32:39 +0300] "GET / HTTP/1.1" 200 1811
::1 - - [19/Jul/2022:20:32:39 +0300] "GET /css/style.css HTTP/1.1" 304 -
::1 - - [19/Jul/2022:20:33:31 +0300] "GET / HTTP/1.1" 200 1824
::1 - - [19/Jul/2022:20:42:10 +0300] "GET / HTTP/1.1" 200 156
::1 - - [19/Jul/2022:20:42:56 +0300] "GET / HTTP/1.1" 200 4674
::1 - - [19/Jul/2022:20:42:56 +0300] "GET /css/style.css HTTP/1.1" 304 -
::1 - - [19/Jul/2022:20:46:02 +0300] "GET / HTTP/1.1" 200 158
::1 - - [19/Jul/2022:20:46:45 +0300] "GET / HTTP/1.1" 200 4740
::1 - - [19/Jul/2022:20:46:45 +0300] "GET /css/style.css HTTP/1.1" 304 -
::1 - - [19/Jul/2022:20:49:15 +0300] "GET / HTTP/1.1" 200 4792
::1 - - [22/Jul/2022:09:06:55 +0300] "GET /css/style.css HTTP/1.1" 200 43
::1 - - [22/Jul/2022:09:07:39 +0300] "GET / HTTP/1.1" 200 4792
::1 - - [22/Jul/2022:09:07:39 +0300] "GET /css/style.css HTTP/1.1" 200 43
::1 - - [22/Jul/2022:09:07:56 +0300] "GET / HTTP/1.1" 200 4792
::1 - - [22/Jul/2022:09:07:56 +0300] "GET /css/style.css HTTP/1.1" 200 43
::1 - - [22/Jul/2022:09:08:06 +0300] "GET / HTTP/1.1" 200 4792
::1 - - [22/Jul/2022:09:08:06 +0300] "GET /css/style.css HTTP/1.1" 200 43
::1 - - [22/Jul/2022:09:08:20 +0300] "GET / HTTP/1.1" 200 4792
::1 - - [22/Jul/2022:09:08:20 +0300] "GET /css/style.css HTTP/1.1" 200 43
::1 - - [22/Jul/2022:09:09:43 +0300] "GET / HTTP/1.1" 200 4792
::1 - - [22/Jul/2022:09:09:43 +0300] "GET /css/style.css HTTP/1.1" 200 45
::1 - - [22/Jul/2022:09:10:39 +0300] "GET / HTTP/1.1" 200 4792
::1 - - [22/Jul/2022:09:10:39 +0300] "GET /css/style.css HTTP/1.1" 200 45
::1 - - [22/Jul/2022:09:10:56 +0300] "GET / HTTP/1.1" 200 4792
::1 - - [22/Jul/2022:09:10:56 +0300] "GET /css/style.css HTTP/1.1" 200 45
::1 - - [22/Jul/2022:09:22:39 +0300] "GET / HTTP/1.1" 200 4647
::1 - - [22/Jul/2022:09:22:39 +0300] "GET /css/style.css HTTP/1.1" 304 -
::1 - - [22/Jul/2022:09:22:39 +0300] "GET /img/1.jpg HTTP/1.1" 200 78242
::1 - - [22/Jul/2022:09:22:40 +0300] "GET /img/5.jpg HTTP/1.1" 200 8960
::1 - - [22/Jul/2022:09:22:40 +0300] "GET /img/2.jpg HTTP/1.1" 200 87387
::1 - - [22/Jul/2022:09:22:40 +0300] "GET /img/4.jpg HTTP/1.1" 200 282398
::1 - - [22/Jul/2022:09:22:40 +0300] "GET /img/3.jpg HTTP/1.1" 200 69480
::1 - - [22/Jul/2022:09:24:48 +0300] "GET / HTTP/1.1" 200 6852
::1 - - [22/Jul/2022:09:24:48 +0300] "GET /css/style.css HTTP/1.1" 304 -
::1 - - [22/Jul/2022:09:24:48 +0300] "GET /img/1.jpg HTTP/1.1" 304 -
::1 - - [22/Jul/2022:09:24:48 +0300] "GET /img/2.jpg HTTP/1.1" 304 -
::1 - - [22/Jul/2022:09:24:48 +0300] "GET /docs/5.2/assets/brand/bootstrap-logo.svg HTTP/1.1" 404 196
::1 - - [22/Jul/2022:09:24:48 +0300] "GET /img/3.jpg HTTP/1.1" 304 -
::1 - - [22/Jul/2022:09:24:48 +0300] "GET /img/4.jpg HTTP/1.1" 304 -
::1 - - [22/Jul/2022:09:24:48 +0300] "GET /img/5.jpg HTTP/1.1" 304 -
::1 - - [22/Jul/2022:09:25:42 +0300] "GET / HTTP/1.1" 200 6862
::1 - - [22/Jul/2022:09:25:42 +0300] "GET /img/2.jpg HTTP/1.1" 304 -
::1 - - [22/Jul/2022:09:25:42 +0300] "GET /img/3.jpg HTTP/1.1" 304 -
::1 - - [22/Jul/2022:09:25:42 +0300] "GET /img/4.jpg HTTP/1.1" 304 -
::1 - - [22/Jul/2022:09:25:42 +0300] "GET /img/5.jpg HTTP/1.1" 304 -
::1 - - [22/Jul/2022:09:25:42 +0300] "GET /docs/5.2/assets/brand/bootstrap-logo.svg HTTP/1.1" 404 196
::1 - - [22/Jul/2022:09:29:37 +0300] "GET /about.php HTTP/1.1" 200 3230
::1 - - [22/Jul/2022:09:29:37 +0300] "GET /css/style.css HTTP/1.1" 304 -
::1 - - [22/Jul/2022:09:29:37 +0300] "GET /docs/5.2/assets/brand/bootstrap-logo.svg HTTP/1.1" 404 196
::1 - - [22/Jul/2022:09:35:56 +0300] "GET /about.php HTTP/1.1" 200 3228
::1 - - [22/Jul/2022:09:35:56 +0300] "GET /css/style.css HTTP/1.1" 304 -
::1 - - [22/Jul/2022:09:35:56 +0300] "GET /docs/5.2/assets/brand/bootstrap-logo.svg HTTP/1.1" 404 196
::1 - - [22/Jul/2022:09:36:52 +0300] "GET / HTTP/1.1" 200 6862
::1 - - [22/Jul/2022:09:36:52 +0300] "GET /img/2.jpg HTTP/1.1" 304 -
::1 - - [22/Jul/2022:09:36:52 +0300] "GET /img/1.jpg HTTP/1.1" 304 -
::1 - - [22/Jul/2022:09:36:52 +0300] "GET /img/3.jpg HTTP/1.1" 304 -
::1 - - [22/Jul/2022:09:36:52 +0300] "GET /img/4.jpg HTTP/1.1" 304 -
::1 - - [22/Jul/2022:09:36:52 +0300] "GET /docs/5.2/assets/brand/bootstrap-logo.svg HTTP/1.1" 404 196
::1 - - [22/Jul/2022:09:36:52 +0300] "GET /img/5.jpg HTTP/1.1" 304 -
::1 - - [22/Jul/2022:09:39:24 +0300] "GET / HTTP/1.1" 200 6862
::1 - - [22/Jul/2022:09:39:24 +0300] "GET /css/style.css HTTP/1.1" 304 -
::1 - - [22/Jul/2022:09:39:24 +0300] "GET /img/1.jpg HTTP/1.1" 304 -
::1 - - [22/Jul/2022:09:39:24 +0300] "GET /img/2.jpg HTTP/1.1" 304 -
::1 - - [22/Jul/2022:09:39:24 +0300] "GET /img/3.jpg HTTP/1.1" 304 -
::1 - - [22/Jul/2022:09:39:24 +0300] "GET /img/4.jpg HTTP/1.1" 304 -
::1 - - [22/Jul/2022:09:39:24 +0300] "GET /img/5.jpg HTTP/1.1" 304 -
::1 - - [22/Jul/2022:09:39:24 +0300] "GET /docs/5.2/assets/brand/bootstrap-logo.svg HTTP/1.1" 404 196
::1 - - [22/Jul/2022:09:40:12 +0300] "GET /about.php HTTP/1.1" 200 3232
::1 - - [22/Jul/2022:09:40:12 +0300] "GET /docs/5.2/assets/brand/bootstrap-logo.svg HTTP/1.1" 404 196
::1 - - [22/Jul/2022:10:02:55 +0300] "GET /about.php HTTP/1.1" 200 3663
::1 - - [22/Jul/2022:10:02:55 +0300] "GET /css/style.css HTTP/1.1" 304 -
::1 - - [22/Jul/2022:10:02:55 +0300] "GET /docs/5.2/assets/brand/bootstrap-logo.svg HTTP/1.1" 404 196
::1 - - [22/Jul/2022:10:04:26 +0300] "GET /about.php HTTP/1.1" 200 3694
::1 - - [22/Jul/2022:10:04:26 +0300] "GET /docs/5.2/assets/brand/bootstrap-logo.svg HTTP/1.1" 404 196
::1 - - [22/Jul/2022:10:05:11 +0300] "GET /about.php HTTP/1.1" 200 3712
::1 - - [22/Jul/2022:10:05:11 +0300] "GET /docs/5.2/assets/brand/bootstrap-logo.svg HTTP/1.1" 404 196
::1 - - [22/Jul/2022:10:05:42 +0300] "GET /about.php HTTP/1.1" 200 3616
::1 - - [22/Jul/2022:10:06:44 +0300] "GET /about.php HTTP/1.1" 200 3629
::1 - - [22/Jul/2022:16:23:46 +0300] "GET /css/style.css HTTP/1.1" 304 -
::1 - - [22/Jul/2022:16:45:58 +0300] "POST /check.php HTTP/1.1" 200 76
::1 - - [22/Jul/2022:16:55:57 +0300] "POST /check.php HTTP/1.1" 200 129
::1 - - [22/Jul/2022:16:56:03 +0300] "POST /check.php HTTP/1.1" 200 129
::1 - - [22/Jul/2022:16:56:25 +0300] "POST /check.php HTTP/1.1" 200 129
::1 - - [22/Jul/2022:16:56:42 +0300] "POST /check.php HTTP/1.1" 200 99
::1 - - [22/Jul/2022:16:56:57 +0300] "POST /check.php HTTP/1.1" 200 27
::1 - - [22/Jul/2022:16:57:08 +0300] "POST /check.php HTTP/1.1" 200 50
::1 - - [22/Jul/2022:17:06:04 +0300] "POST /check.php HTTP/1.1" 200 246
::1 - - [22/Jul/2022:17:06:26 +0300] "GET /about.php HTTP/1.1" 200 3629
::1 - - [22/Jul/2022:17:06:40 +0300] "POST /check.php HTTP/1.1" 200 246
::1 - - [22/Jul/2022:17:09:13 +0300] "GET /about.php HTTP/1.1" 200 3629
::1 - - [22/Jul/2022:17:09:13 +0300] "GET /css/style.css HTTP/1.1" 304 -
::1 - - [22/Jul/2022:17:09:18 +0300] "POST /check.php HTTP/1.1" 200 99
::1 - - [22/Jul/2022:17:09:25 +0300] "POST /check.php HTTP/1.1" 302 246
::1 - - [22/Jul/2022:17:09:26 +0300] "GET /about.php HTTP/1.1" 200 3629
::1 - - [22/Jul/2022:19:54:21 +0300] "GET / HTTP/1.1" 200 6900
::1 - - [22/Jul/2022:19:54:21 +0300] "GET /css/style.css HTTP/1.1" 304 -
::1 - - [22/Jul/2022:19:54:21 +0300] "GET /img/1.jpg HTTP/1.1" 304 -
::1 - - [22/Jul/2022:19:54:21 +0300] "GET /img/2.jpg HTTP/1.1" 304 -
::1 - - [22/Jul/2022:19:54:21 +0300] "GET /img/5.jpg HTTP/1.1" 304 -
::1 - - [22/Jul/2022:19:54:21 +0300] "GET /img/4.jpg HTTP/1.1" 304 -
::1 - - [22/Jul/2022:19:54:21 +0300] "GET /img/3.jpg HTTP/1.1" 304 -
::1 - - [22/Jul/2022:19:56:20 +0300] "GET / HTTP/1.1" 200 6900
::1 - - [22/Jul/2022:20:01:04 +0300] "GET /auth.php HTTP/1.1" 302 -
::1 - - [22/Jul/2022:20:01:04 +0300] "GET / HTTP/1.1" 200 6811
::1 - - [22/Jul/2022:20:01:06 +0300] "GET /auth.php HTTP/1.1" 302 -
::1 - - [22/Jul/2022:20:01:06 +0300] "GET / HTTP/1.1" 200 6811
::1 - - [22/Jul/2022:20:01:07 +0300] "GET /auth.php HTTP/1.1" 302 -
::1 - - [22/Jul/2022:20:01:07 +0300] "GET / HTTP/1.1" 200 6811
::1 - - [22/Jul/2022:20:03:49 +0300] "GET / HTTP/1.1" 200 6811
::1 - - [22/Jul/2022:20:03:51 +0300] "GET /auth.php HTTP/1.1" 302 -
::1 - - [22/Jul/2022:20:03:51 +0300] "GET / HTTP/1.1" 200 6902
::1 - - [22/Jul/2022:20:04:00 +0300] "GET /auth.php HTTP/1.1" 302 106
::1 - - [22/Jul/2022:20:04:00 +0300] "GET / HTTP/1.1" 200 6811
::1 - - [22/Jul/2022:20:04:02 +0300] "GET /auth.php HTTP/1.1" 302 -
::1 - - [22/Jul/2022:20:04:02 +0300] "GET / HTTP/1.1" 200 6902
::1 - - [22/Jul/2022:20:04:04 +0300] "GET /auth.php HTTP/1.1" 302 106
::1 - - [22/Jul/2022:20:04:04 +0300] "GET / HTTP/1.1" 200 6811
::1 - - [22/Jul/2022:20:05:51 +0300] "GET /auth.php HTTP/1.1" 302 -
::1 - - [22/Jul/2022:20:05:51 +0300] "GET / HTTP/1.1" 200 6902
::1 - - [22/Jul/2022:20:05:52 +0300] "GET / HTTP/1.1" 200 6902
::1 - - [22/Jul/2022:20:05:53 +0300] "GET /auth.php HTTP/1.1" 302 106
::1 - - [22/Jul/2022:20:05:53 +0300] "GET / HTTP/1.1" 200 6786
::1 - - [22/Jul/2022:20:05:54 +0300] "GET /auth.php HTTP/1.1" 302 -
::1 - - [22/Jul/2022:20:05:54 +0300] "GET / HTTP/1.1" 200 6902
::1 - - [22/Jul/2022:20:12:37 +0300] "GET / HTTP/1.1" 200 6902
::1 - - [22/Jul/2022:20:12:38 +0300] "GET / HTTP/1.1" 200 6902
::1 - - [22/Jul/2022:20:12:39 +0300] "GET /auth.php HTTP/1.1" 302 106
::1 - - [22/Jul/2022:20:12:39 +0300] "GET / HTTP/1.1" 200 6811
::1 - - [22/Jul/2022:20:12:40 +0300] "GET /auth.php HTTP/1.1" 302 -
::1 - - [22/Jul/2022:20:12:40 +0300] "GET / HTTP/1.1" 200 6902
::1 - - [22/Jul/2022:20:18:16 +0300] "GET / HTTP/1.1" 200 6786
::1 - - [22/Jul/2022:20:18:17 +0300] "GET /auth.php HTTP/1.1" 302 106
::1 - - [22/Jul/2022:20:18:17 +0300] "GET / HTTP/1.1" 200 6811
::1 - - [22/Jul/2022:20:18:18 +0300] "GET /auth.php HTTP/1.1" 302 -
::1 - - [22/Jul/2022:20:18:18 +0300] "GET / HTTP/1.1" 200 6786
::1 - - [22/Jul/2022:20:18:23 +0300] "GET /auth.php HTTP/1.1" 302 106
::1 - - [22/Jul/2022:20:18:23 +0300] "GET / HTTP/1.1" 200 6811
::1 - - [22/Jul/2022:20:18:24 +0300] "GET /auth.php HTTP/1.1" 302 -
::1 - - [22/Jul/2022:20:18:24 +0300] "GET / HTTP/1.1" 200 6786
